i:  1 left: 21 right:  1
i:  2 left: 13 right:  2
i:  3 left: 17 right:  3
i:  4 left: 12 right:  4
i:  5 left: 20 right:  5
i:  6 left: 15 right:  6
i:  7 left: 19 right:  7
i:  8 left: 14 right:  8
i:  9 left: 18 right:  9
i: 10 left: 16 right: 10

i: 11 left: 21 right: 13
i: 12 left: 17 right: 12
i: 13 left: 20 right: 15
i: 14 left: 19 right: 14
i: 15 left: 18 right: 16

i: 16 left: 21 right: 17
i: 17 left: 20 right: 19

i: 18 left: 20 right: 21

mainChain
20 21 
subChain
17 19 18 
i: 19 left: 20 right: 17
i: 20 left: 19 right: 17
i: 21 left: 20 right: 18
i: 22 left: 19 right: 18
i: 23 left: 17 right: 18

mainChain
17 18 19 20 21 
subChain
13 12 15 14 16 
i: 24 left: 17 right: 14
i: 25 left: 12 right: 14
i: 26 left: 14 right: 16
i: 27 left: 17 right: 16
i: 28 left: 17 right: 13
i: 29 left: 14 right: 13
i: 30 left: 12 right: 13
i: 31 left: 16 right: 15
i: 32 left: 13 right: 15
i: 33 left: 14 right: 15

mainChain
12 13 14 15 16 17 18 19 20 21 
subChain
1 2 3 4 5 6 7 8 9 10 11 
i: 34 left: 12 right:  8
i: 35 left:  4 right:  8
i: 36 left:  8 right:  2
i: 37 left:  4 right:  2
i: 38 left: 12 right: 10
i: 39 left:  4 right: 10
i: 40 left:  8 right: 10
i: 41 left: 10 right:  6
i: 42 left:  4 right:  6
i: 43 left:  8 right:  6
i: 44 left: 14 right:  1
i: 45 left:  8 right:  1
i: 46 left:  4 right:  1
i: 47 left:  2 right:  1
i: 48 left: 13 right:  5
i: 49 left:  6 right:  5
i: 50 left:  2 right:  5
i: 51 left:  4 right:  5
i: 52 left: 12 right:  7
i: 53 left:  5 right:  7
i: 54 left:  8 right:  7
i: 55 left:  6 right:  7
i: 56 left: 10 right:  9
i: 57 left:  5 right:  9
i: 58 left:  7 right:  9
i: 59 left:  8 right:  9
i: 60 left:  9 right:  3
i: 61 left:  5 right:  3
i: 62 left:  2 right:  3
i: 63 left:  4 right:  3
i: 64 left: 12 right: 11
i: 65 left:  6 right: 11
i: 66 left:  9 right: 11
i: 67 left: 10 right: 11

Time to process a range of 21 elements with std::vector : 260 us
CmpCount : vector = 67
